<?xml version="1.0" encoding="UTF-8"?>
<!-- Generated by org.testng.reporters.JUnitReportReporter -->
<testsuite hostname="LAPTOP-I59AF0K4" failures="0" tests="1" name="testCases.TC001_AccountRegistrationTest" time="2.290" errors="0" timestamp="2024-07-23T13:18:18 IST" skipped="0">
  <testcase classname="testCases.TC001_AccountRegistrationTest" name="verify_account_registration" time="2.290"/>
  <system-out/>
</testsuite> <!-- testCases.TC001_AccountRegistrationTest -->
