<?xml version="1.0" encoding="UTF-8"?>
<!-- Generated by org.testng.reporters.JUnitReportReporter -->
<testsuite hostname="LAPTOP-I59AF0K4" failures="0" tests="1" name="testCases.TC002_LoginTest" time="1.434" errors="0" timestamp="2024-07-23T13:18:18 IST" skipped="0">
  <testcase classname="testCases.TC002_LoginTest" name="verify_login" time="1.434"/>
  <system-out/>
</testsuite> <!-- testCases.TC002_LoginTest -->
