<?xml version="1.0" encoding="UTF-8"?>
<!-- Generated by org.testng.reporters.JUnitReportReporter -->
<testsuite hostname="LAPTOP-I59AF0K4" failures="0" tests="1" name="testCases.TC002_LoginTest" time="1.409" errors="0" timestamp="2024-07-27T13:42:34 IST" skipped="0">
  <testcase classname="testCases.TC002_LoginTest" name="verify_login" time="1.409"/>
</testsuite> <!-- testCases.TC002_LoginTest -->
