<?xml version="1.0" encoding="UTF-8"?>
<!-- Generated by org.testng.reporters.JUnitReportReporter -->
<testsuite hostname="LAPTOP-I59AF0K4" failures="0" tests="1" name="testCases.TC001_AccountRegistrationTest" time="2.311" errors="0" timestamp="2024-07-27T13:42:34 IST" skipped="0">
  <testcase classname="testCases.TC001_AccountRegistrationTest" name="verify_account_registration" time="2.311"/>
</testsuite> <!-- testCases.TC001_AccountRegistrationTest -->
